<?xml version="1.0" encoding="UTF-8"?>
<!-- Generated by org.testng.reporters.JUnitXMLReporter -->
<testsuite ignored="0" hostname="DESKTOP-BA2SE9D" failures="1" tests="3" name="Test" time="64.843" errors="0" timestamp="2019-09-20T13:10:34 PDT">
  <testcase classname="samplePackage.Logintestcase" name="Loginapp" time="23.142"/>
  <testcase classname="samplePackage.testcase" name="homepagenavigation" time="25.781"/>
  <testcase classname="samplePackage.testcase" name="homepagenavigation" time="15.844">
    <failure type="org.openqa.selenium.SessionNotCreatedException" message="session not created
from chrome not reachable
  (Session info: chrome=76.0.3809.132)
Build info: version: &amp;apos;3.141.59&amp;apos;, revision: &amp;apos;e82be7d358&amp;apos;, time: &amp;apos;2018-11-14T08:17:03&amp;apos;
System info: host: &amp;apos;DESKTOP-BA2SE9D&amp;apos;, ip: &amp;apos;192.168.0.19&amp;apos;, os.name: &amp;apos;Windows 10&amp;apos;, os.arch: &amp;apos;amd64&amp;apos;, os.version: &amp;apos;10.0&amp;apos;, java.version: &amp;apos;12.0.1&amp;apos;
Driver info: driver.version: ChromeDriver
remote stacktrace: Backtrace:
	Ordinal0 [0x005D7C53+1473619]
	Ordinal0 [0x0055AD71+961905]
	Ordinal0 [0x004E415C+475484]
	Ordinal0 [0x004DDAEA+449258]
	Ordinal0 [0x004DE188+450952]
	Ordinal0 [0x004DF295+455317]
	Ordinal0 [0x004DB495+439445]
	Ordinal0 [0x004E4F10+478992]
	Ordinal0 [0x004998FE+170238]
	Ordinal0 [0x00498D1D+167197]
	Ordinal0 [0x0049742B+160811]
	Ordinal0 [0x00480AE6+68326]
	Ordinal0 [0x00481BF0+72688]
	Ordinal0 [0x00481B89+72585]
	Ordinal0 [0x00574B37+1067831]
	GetHandleVerifier [0x00676845+506677]
	GetHandleVerifier [0x006765E0+506064]
	GetHandleVerifier [0x0067D188+533624]
	GetHandleVerifier [0x0067701A+508682]
	Ordinal0 [0x0056C226+1032742]
	Ordinal0 [0x0056C09F+1032351]
	Ordinal0 [0x00576A4B+1075787]
	Ordinal0 [0x00576BB3+1076147]
	Ordinal0 [0x00575B65+1071973]
	BaseThreadInitThunk [0x761D6359+25]
	RtlGetAppContainerNamedObjectPath [0x776E7B74+228]
	RtlGetAppContainerNamedObjectPath [0x776E7B44+180]
">
      <![CDATA[org.openqa.selenium.SessionNotCreatedException: session not created
from chrome not reachable
  (Session info: chrome=76.0.3809.132)
Build info: version: '3.141.59', revision: 'e82be7d358', time: '2018-11-14T08:17:03'
System info: host: 'DESKTOP-BA2SE9D', ip: '192.168.0.19', os.name: 'Windows 10', os.arch: 'amd64', os.version: '10.0', java.version: '12.0.1'
Driver info: driver.version: ChromeDriver
remote stacktrace: Backtrace:
Ordinal0 [0x005D7C53+1473619]
Ordinal0 [0x0055AD71+961905]
Ordinal0 [0x004E415C+475484]
Ordinal0 [0x004DDAEA+449258]
Ordinal0 [0x004DE188+450952]
Ordinal0 [0x004DF295+455317]
Ordinal0 [0x004DB495+439445]
Ordinal0 [0x004E4F10+478992]
Ordinal0 [0x004998FE+170238]
Ordinal0 [0x00498D1D+167197]
Ordinal0 [0x0049742B+160811]
Ordinal0 [0x00480AE6+68326]
Ordinal0 [0x00481BF0+72688]
Ordinal0 [0x00481B89+72585]
Ordinal0 [0x00574B37+1067831]
GetHandleVerifier [0x00676845+506677]
GetHandleVerifier [0x006765E0+506064]
GetHandleVerifier [0x0067D188+533624]
GetHandleVerifier [0x0067701A+508682]
Ordinal0 [0x0056C226+1032742]
Ordinal0 [0x0056C09F+1032351]
Ordinal0 [0x00576A4B+1075787]
Ordinal0 [0x00576BB3+1076147]
Ordinal0 [0x00575B65+1071973]
BaseThreadInitThunk [0x761D6359+25]
RtlGetAppContainerNamedObjectPath [0x776E7B74+228]
RtlGetAppContainerNamedObjectPath [0x776E7B44+180]

at org.openqa.selenium.remote.W3CHandshakeResponse.lambda$errorHandler$0(W3CHandshakeResponse.java:62)
at org.openqa.selenium.remote.HandshakeResponse.lambda$getResponseFunction$0(HandshakeResponse.java:30)
at org.openqa.selenium.remote.ProtocolHandshake.lambda$createSession$0(ProtocolHandshake.java:126)
at java.base/java.util.stream.ReferencePipeline$3$1.accept(ReferencePipeline.java:195)
at java.base/java.util.Spliterators$ArraySpliterator.tryAdvance(Spliterators.java:958)
at java.base/java.util.stream.ReferencePipeline.forEachWithCancel(ReferencePipeline.java:127)
at java.base/java.util.stream.AbstractPipeline.copyIntoWithCancel(AbstractPipeline.java:502)
at java.base/java.util.stream.AbstractPipeline.copyInto(AbstractPipeline.java:488)
at java.base/java.util.stream.AbstractPipeline.wrapAndCopyInto(AbstractPipeline.java:474)
at java.base/java.util.stream.FindOps$FindOp.evaluateSequential(FindOps.java:150)
at java.base/java.util.stream.AbstractPipeline.evaluate(AbstractPipeline.java:234)
at java.base/java.util.stream.ReferencePipeline.findFirst(ReferencePipeline.java:543)
at org.openqa.selenium.remote.ProtocolHandshake.createSession(ProtocolHandshake.java:128)
at org.openqa.selenium.remote.ProtocolHandshake.createSession(ProtocolHandshake.java:74)
at org.openqa.selenium.remote.HttpCommandExecutor.execute(HttpCommandExecutor.java:136)
at org.openqa.selenium.remote.service.DriverCommandExecutor.execute(DriverCommandExecutor.java:83)
at org.openqa.selenium.remote.RemoteWebDriver.execute(RemoteWebDriver.java:552)
at org.openqa.selenium.remote.RemoteWebDriver.startSession(RemoteWebDriver.java:213)
at org.openqa.selenium.remote.RemoteWebDriver.<init>(RemoteWebDriver.java:131)
at org.openqa.selenium.chrome.ChromeDriver.<init>(ChromeDriver.java:181)
at org.openqa.selenium.chrome.ChromeDriver.<init>(ChromeDriver.java:168)
at org.openqa.selenium.chrome.ChromeDriver.<init>(ChromeDriver.java:123)
at resources.baseclass.initializedriver(baseclass.java:29)
at samplePackage.testcase.homepagenavigation(testcase.java:18)
at java.base/java.util.ArrayList.forEach(ArrayList.java:1540)
... Removed 32 stack frames]]>
    </failure>
  </testcase> <!-- homepagenavigation -->
</testsuite> <!-- Test -->
